<?xml version="1.0" encoding="UTF-8"?>
<!-- Generated by org.testng.reporters.JUnitXMLReporter -->
<testsuite hostname="Auntors-MacBook-Air.local" ignored="0" name="DIUSmartApp" tests="6" failures="0" timestamp="2023-03-28T22:37:30 BDT" time="1.332" errors="0">
  <testcase name="@BeforeClass automationEnvStart" time="0.611" classname="org.auntor.utilities.BaseClass">
    <failure type="io.appium.java_client.service.local.InvalidServerInstanceException" message="The main Appium script does not exist at &amp;apos;/Users/auntoracharja/Work/SQA/Automation/Appium/DiuSmartApp_Automation_Using_Appium/appium/build/lib/main.js&amp;apos;">
      <![CDATA[io.appium.java_client.service.local.InvalidServerInstanceException: The main Appium script does not exist at '/Users/auntoracharja/Work/SQA/Automation/Appium/DiuSmartApp_Automation_Using_Appium/appium/build/lib/main.js'
at io.appium.java_client.service.local.AppiumServiceBuilder.findMainScript(AppiumServiceBuilder.java:157)
at io.appium.java_client.service.local.AppiumServiceBuilder.loadPathToMainScript(AppiumServiceBuilder.java:296)
at io.appium.java_client.service.local.AppiumServiceBuilder.createArgs(AppiumServiceBuilder.java:313)
at org.openqa.selenium.remote.service.DriverService$Builder.build(DriverService.java:358)
at io.appium.java_client.service.local.AppiumDriverLocalService.buildService(AppiumDriverLocalService.java:91)
at io.appium.java_client.service.local.AppiumDriverLocalService.buildDefaultService(AppiumDriverLocalService.java:87)
at org.auntor.utilities.BaseClass.startServer(BaseClass.java:57)
at org.auntor.utilities.BaseClass.automationEnvStart(BaseClass.java:28)
at java.util.ArrayList.forEach(ArrayList.java:1259)
... Removed 25 stack frames]]>
    </failure>
  </testcase> <!-- @BeforeClass automationEnvStart -->
  <testcase name="@AfterClass automationEnvStop" time="-1.680021450292E9" classname="org.auntor.utilities.BaseClass">
    <skipped/>
  </testcase> <!-- @AfterClass automationEnvStop -->
  <testcase name="checkEmptyClassRoutine" time="0.0" classname="org.auntor.testCases.ClassRoutineTestUsingDB">
    <skipped/>
  </testcase> <!-- checkEmptyClassRoutine -->
  <testcase name="checkSemesterRoutineDate" time="0.0" classname="org.auntor.testCases.ClassRoutineTestUsingDB">
    <skipped/>
  </testcase> <!-- checkSemesterRoutineDate -->
  <testcase name="checkAddANewCourse" time="0.0" classname="org.auntor.testCases.ClassRoutineTestUsingDB">
    <skipped/>
  </testcase> <!-- checkAddANewCourse -->
  <testcase name="checkEmptyScheduleText" time="0.0" classname="org.auntor.testCases.ClassRoutineTestUsingDB">
    <skipped/>
  </testcase> <!-- checkEmptyScheduleText -->
  <testcase name="checkAddANewScheduleForToday" time="0.0" classname="org.auntor.testCases.ClassRoutineTestUsingDB">
    <skipped/>
  </testcase> <!-- checkAddANewScheduleForToday -->
  <testcase name="checkAddANewScheduleForTomorrow" time="0.0" classname="org.auntor.testCases.ClassRoutineTestUsingDB">
    <skipped/>
  </testcase> <!-- checkAddANewScheduleForTomorrow -->
</testsuite> <!-- DIUSmartApp -->
